  main.cpp
C:\Users\swami.velamala\source\repos\sdl\sdl\frameworks\include\raster.h(3,10): warning C4067: unexpected tokens following preprocessor directive - expected a newline
  (compiling source file 'main.cpp')
  
C:\Users\swami.velamala\source\repos\sdl\sdl\frameworks\include\raster.h(104,10): warning C4473: 'printf' : not enough arguments passed for format string
  (compiling source file 'main.cpp')
      C:\Users\swami.velamala\source\repos\sdl\sdl\frameworks\include\raster.h(104,10):
      placeholders and their parameters expect 6 variadic arguments, but 4 were provided
      C:\Users\swami.velamala\source\repos\sdl\sdl\frameworks\include\raster.h(104,10):
      the missing variadic argument 5 is required by format string '%.2f'
  
C:\Users\swami.velamala\source\repos\sdl\sdl\frameworks\include\raster.h(109,10): warning C4473: 'printf' : not enough arguments passed for format string
  (compiling source file 'main.cpp')
      C:\Users\swami.velamala\source\repos\sdl\sdl\frameworks\include\raster.h(109,10):
      placeholders and their parameters expect 9 variadic arguments, but 6 were provided
      C:\Users\swami.velamala\source\repos\sdl\sdl\frameworks\include\raster.h(109,10):
      the missing variadic argument 7 is required by format string '%.2f'
  
C:\Users\swami.velamala\source\repos\sdl\sdl\frameworks\include\raster.h(269,13): warning C4244: 'initializing': conversion from 'double' to 'float', possible loss of data
  (compiling source file 'main.cpp')
  
C:\Users\swami.velamala\source\repos\sdl\sdl\frameworks\include\raster.h(270,13): warning C4244: 'initializing': conversion from 'double' to 'float', possible loss of data
  (compiling source file 'main.cpp')
  
C:\Users\swami.velamala\source\repos\sdl\sdl\frameworks\include\raster.h(271,13): warning C4244: 'initializing': conversion from 'double' to 'float', possible loss of data
  (compiling source file 'main.cpp')
  
C:\Users\swami.velamala\source\repos\sdl\sdl\frameworks\include\raster.h(289,13): warning C4244: 'initializing': conversion from 'double' to 'float', possible loss of data
  (compiling source file 'main.cpp')
  
C:\Users\swami.velamala\source\repos\sdl\sdl\frameworks\include\raster.h(290,13): warning C4244: 'initializing': conversion from 'double' to 'float', possible loss of data
  (compiling source file 'main.cpp')
  
C:\Users\swami.velamala\source\repos\sdl\sdl\frameworks\include\raster.h(291,13): warning C4244: 'initializing': conversion from 'double' to 'float', possible loss of data
  (compiling source file 'main.cpp')
  
C:\Users\swami.velamala\source\repos\sdl\sdl\main.cpp(117,29): warning C4838: conversion from 'float' to 'int' requires a narrowing conversion
C:\Users\swami.velamala\source\repos\sdl\sdl\main.cpp(117,29): warning C4244: 'initializing': conversion from 'float' to 'int', possible loss of data
C:\Users\swami.velamala\source\repos\sdl\sdl\main.cpp(117,32): warning C4838: conversion from 'float' to 'int' requires a narrowing conversion
C:\Users\swami.velamala\source\repos\sdl\sdl\main.cpp(117,32): warning C4244: 'initializing': conversion from 'float' to 'int', possible loss of data
C:\Users\swami.velamala\source\repos\sdl\sdl\main.cpp(125,17): warning C4804: '<': unsafe use of type 'bool' in operation
C:\Users\swami.velamala\source\repos\sdl\sdl\main.cpp(133,12): warning C4244: 'argument': conversion from 'float' to 'int', possible loss of data
C:\Users\swami.velamala\source\repos\sdl\sdl\main.cpp(133,9): warning C4244: 'argument': conversion from 'float' to 'int', possible loss of data
C:\Users\swami.velamala\source\repos\sdl\sdl\main.cpp(41,1): warning C4715: 'leftmost': not all control paths return a value
C:\Users\swami.velamala\source\repos\sdl\sdl\main.cpp(47,1): warning C4715: 'rightmost': not all control paths return a value
C:\Users\swami.velamala\source\repos\sdl\sdl\main.cpp(53,1): warning C4715: 'uppermost': not all control paths return a value
C:\Users\swami.velamala\source\repos\sdl\sdl\main.cpp(59,1): warning C4715: 'lowermost': not all control paths return a value
  sdl.vcxproj -> C:\Users\swami.velamala\source\repos\sdl\x64\Debug\sdl.exe
